# JRE version: OpenJDK Runtime Environment (16.0.1+9) (build 16.0.1+9-24)
# Java VM: OpenJDK 64-Bit Server VM (16.0.1+9-24, mixed mode, tiered, compressed oops, compressed class ptrs, g1 gc, windows-amd64)
GC Precious Log:
 CPUs: 8 total, 8 available
 Memory: 6082M
 Large Page Support: Disabled
 NUMA Support: Disabled
 Compressed Oops: Enabled (32-bit)
 Heap Region Size: 1M
 Heap Min Capacity: 8M
 Heap Initial Capacity: 96M
 Heap Max Capacity: 1522M
 Pre-touch: Disabled
 Parallel Workers: 8
 Concurrent Workers: 2
 Concurrent Refinement Workers: 8
 Periodic GC: Disabled
Heap:
 garbage-first heap   total 49152K, used 36735K [0x00000000a0e00000, 0x0000000100000000)
  region size 1024K, 22 young (22528K), 3 survivors (3072K)
 Metaspace       used 47013K, committed 47424K, reserved 1097728K
  class space    used 5498K, committed 5696K, reserved 1048576K
GC Heap History (20 events):
Event: 7.379 GC heap before
{Heap before GC invocations=7 (full 0):
 garbage-first heap   total 40960K, used 30091K [0x00000000a0e00000, 0x0000000100000000)
  region size 1024K, 24 young (24576K), 3 survivors (3072K)
 Metaspace       used 27367K, committed 27584K, reserved 1081344K
  class space    used 2920K, committed 3008K, reserved 1048576K
}
Event: 7.384 GC heap after
{Heap after GC invocations=8 (full 0):
 garbage-first heap   total 40960K, used 9610K [0x00000000a0e00000, 0x0000000100000000)
  region size 1024K, 3 young (3072K), 3 survivors (3072K)
 Metaspace       used 27367K, committed 27584K, reserved 1081344K
  class space    used 2920K, committed 3008K, reserved 1048576K
}
Event: 7.793 GC heap before
{Heap before GC invocations=8 (full 0):
 garbage-first heap   total 40960K, used 30090K [0x00000000a0e00000, 0x0000000100000000)
  region size 1024K, 23 young (23552K), 3 survivors (3072K)
 Metaspace       used 28619K, committed 28864K, reserved 1081344K
  class space    used 3073K, committed 3200K, reserved 1048576K
}
Event: 7.800 GC heap after
{Heap after GC invocations=9 (full 0):
 garbage-first heap   total 40960K, used 9871K [0x00000000a0e00000, 0x0000000100000000)
  region size 1024K, 2 young (2048K), 2 survivors (2048K)
 Metaspace       used 28619K, committed 28864K, reserved 1081344K
  class space    used 3073K, committed 3200K, reserved 1048576K
}
Event: 8.291 GC heap before
{Heap before GC invocations=9 (full 0):
 garbage-first heap   total 40960K, used 31375K [0x00000000a0e00000, 0x0000000100000000)
  region size 1024K, 23 young (23552K), 2 survivors (2048K)
 Metaspace       used 29912K, committed 30080K, reserved 1081344K
  class space    used 3253K, committed 3328K, reserved 1048576K
}
Event: 8.297 GC heap after
{Heap after GC invocations=10 (full 0):
 garbage-first heap   total 40960K, used 10661K [0x00000000a0e00000, 0x0000000100000000)
  region size 1024K, 2 young (2048K), 2 survivors (2048K)
 Metaspace       used 29912K, committed 30080K, reserved 1081344K
  class space    used 3253K, committed 3328K, reserved 1048576K
}
Event: 8.787 GC heap before
{Heap before GC invocations=10 (full 0):
 garbage-first heap   total 40960K, used 32165K [0x00000000a0e00000, 0x0000000100000000)
  region size 1024K, 23 young (23552K), 2 survivors (2048K)
 Metaspace       used 32024K, committed 32320K, reserved 1081344K
  class space    used 3520K, committed 3648K, reserved 1048576K
}
Event: 8.795 GC heap after
{Heap after GC invocations=11 (full 0):
 garbage-first heap   total 40960K, used 11798K [0x00000000a0e00000, 0x0000000100000000)
  region size 1024K, 2 young (2048K), 2 survivors (2048K)
 Metaspace       used 32024K, committed 32320K, reserved 1081344K
  class space    used 3520K, committed 3648K, reserved 1048576K
}
Event: 9.432 GC heap before
{Heap before GC invocations=11 (full 0):
 garbage-first heap   total 40960K, used 32278K [0x00000000a0e00000, 0x0000000100000000)
  region size 1024K, 22 young (22528K), 2 survivors (2048K)
 Metaspace       used 34339K, committed 34624K, reserved 1081344K
  class space    used 3839K, committed 3968K, reserved 1048576K
}
Event: 9.440 GC heap after
{Heap after GC invocations=12 (full 0):
 garbage-first heap   total 40960K, used 13030K [0x00000000a0e00000, 0x0000000100000000)
  region size 1024K, 3 young (3072K), 3 survivors (3072K)
 Metaspace       used 34339K, committed 34624K, reserved 1081344K
  class space    used 3839K, committed 3968K, reserved 1048576K
}
Event: 9.615 GC heap before
{Heap before GC invocations=12 (full 0):
 garbage-first heap   total 40960K, used 23270K [0x00000000a0e00000, 0x0000000100000000)
  region size 1024K, 14 young (14336K), 3 survivors (3072K)
 Metaspace       used 35443K, committed 35648K, reserved 1081344K
  class space    used 3940K, committed 4032K, reserved 1048576K
}
Event: 9.622 GC heap after
{Heap after GC invocations=13 (full 0):
 garbage-first heap   total 49152K, used 13440K [0x00000000a0e00000, 0x0000000100000000)
  region size 1024K, 2 young (2048K), 2 survivors (2048K)
 Metaspace       used 35443K, committed 35648K, reserved 1081344K
  class space    used 3940K, committed 4032K, reserved 1048576K
}
Event: 10.334 GC heap before
{Heap before GC invocations=14 (full 0):
 garbage-first heap   total 49152K, used 39040K [0x00000000a0e00000, 0x0000000100000000)
  region size 1024K, 27 young (27648K), 2 survivors (2048K)
 Metaspace       used 38080K, committed 38400K, reserved 1089536K
  class space    used 4322K, committed 4480K, reserved 1048576K
}
Event: 10.340 GC heap after
{Heap after GC invocations=15 (full 0):
 garbage-first heap   total 49152K, used 14853K [0x00000000a0e00000, 0x0000000100000000)
  region size 1024K, 4 young (4096K), 4 survivors (4096K)
 Metaspace       used 38080K, committed 38400K, reserved 1089536K
  class space    used 4322K, committed 4480K, reserved 1048576K
}
Event: 10.904 GC heap before
{Heap before GC invocations=15 (full 0):
 garbage-first heap   total 49152K, used 38405K [0x00000000a0e00000, 0x0000000100000000)
  region size 1024K, 27 young (27648K), 4 survivors (4096K)
 Metaspace       used 40269K, committed 40640K, reserved 1089536K
  class space    used 4616K, committed 4800K, reserved 1048576K
}
Event: 10.908 GC heap after
{Heap after GC invocations=16 (full 0):
 garbage-first heap   total 49152K, used 16191K [0x00000000a0e00000, 0x0000000100000000)
  region size 1024K, 4 young (4096K), 4 survivors (4096K)
 Metaspace       used 40269K, committed 40640K, reserved 1089536K
  class space    used 4616K, committed 4800K, reserved 1048576K
}
Event: 11.431 GC heap before
{Heap before GC invocations=16 (full 0):
 garbage-first heap   total 49152K, used 38719K [0x00000000a0e00000, 0x0000000100000000)
  region size 1024K, 26 young (26624K), 4 survivors (4096K)
 Metaspace       used 42055K, committed 42432K, reserved 1089536K
  class space    used 4875K, committed 5056K, reserved 1048576K
}
Event: 11.435 GC heap after
{Heap after GC invocations=17 (full 0):
 garbage-first heap   total 49152K, used 17481K [0x00000000a0e00000, 0x0000000100000000)
  region size 1024K, 3 young (3072K), 3 survivors (3072K)
 Metaspace       used 42055K, committed 42432K, reserved 1089536K
  class space    used 4875K, committed 5056K, reserved 1048576K
}
Event: 17.364 GC heap before
{Heap before GC invocations=17 (full 0):
 garbage-first heap   total 49152K, used 38985K [0x00000000a0e00000, 0x0000000100000000)
  region size 1024K, 24 young (24576K), 3 survivors (3072K)
 Metaspace       used 44668K, committed 45056K, reserved 1089536K
  class space    used 5221K, committed 5376K, reserved 1048576K
}
Event: 17.374 GC heap after
{Heap after GC invocations=18 (full 0):
 garbage-first heap   total 49152K, used 18303K [0x00000000a0e00000, 0x0000000100000000)
  region size 1024K, 3 young (3072K), 3 survivors (3072K)
 Metaspace       used 44668K, committed 45056K, reserved 1089536K
  class space    used 5221K, committed 5376K, reserved 1048576K
}

